{"D:\\tests\\nimble\\src\\main.jsx": {"path":"D:\\tests\\nimble\\src\\main.jsx","statementMap":{"0":{"start":{"line":11,"column":15},"end":{"line":20,"column":2}},"1":{"start":{"line":22,"column":0},"end":{"line":28,"column":2}}},"fnMap":{},"branchMap":{},"s":{"0":0,"1":0},"f":{},"b":{}}
,"D:\\tests\\nimble\\src\\components\\Button.jsx": {"path":"D:\\tests\\nimble\\src\\components\\Button.jsx","statementMap":{"0":{"start":{"line":1,"column":15},"end":{"line":10,"column":1}},"1":{"start":{"line":2,"column":2},"end":{"line":9,"column":4}}},"fnMap":{"0":{"name":"(anonymous_0)","decl":{"start":{"line":1,"column":15},"end":{"line":1,"column":16}},"loc":{"start":{"line":1,"column":49},"end":{"line":10,"column":1}},"line":1}},"branchMap":{"0":{"loc":{"start":{"line":4,"column":27},"end":{"line":4,"column":76}},"type":"cond-expr","locations":[{"start":{"line":4,"column":38},"end":{"line":4,"column":71}},{"start":{"line":4,"column":74},"end":{"line":4,"column":76}}],"line":4}},"s":{"0":0,"1":0},"f":{"0":0},"b":{"0":[0,0]}}
,"D:\\tests\\nimble\\src\\components\\ContactItem.jsx": {"path":"D:\\tests\\nimble\\src\\components\\ContactItem.jsx","statementMap":{"0":{"start":{"line":7,"column":20},"end":{"line":49,"column":1}},"1":{"start":{"line":8,"column":43},"end":{"line":8,"column":50}},"2":{"start":{"line":9,"column":26},"end":{"line":9,"column":52}},"3":{"start":{"line":11,"column":26},"end":{"line":13,"column":3}},"4":{"start":{"line":12,"column":4},"end":{"line":12,"column":22}},"5":{"start":{"line":15,"column":2},"end":{"line":48,"column":4}},"6":{"start":{"line":35,"column":18},"end":{"line":35,"column":52}}},"fnMap":{"0":{"name":"(anonymous_0)","decl":{"start":{"line":7,"column":20},"end":{"line":7,"column":21}},"loc":{"start":{"line":7,"column":37},"end":{"line":49,"column":1}},"line":7},"1":{"name":"(anonymous_1)","decl":{"start":{"line":11,"column":26},"end":{"line":11,"column":27}},"loc":{"start":{"line":11,"column":32},"end":{"line":13,"column":3}},"line":11},"2":{"name":"(anonymous_2)","decl":{"start":{"line":34,"column":26},"end":{"line":34,"column":27}},"loc":{"start":{"line":35,"column":18},"end":{"line":35,"column":52}},"line":35}},"branchMap":{"0":{"loc":{"start":{"line":32,"column":13},"end":{"line":38,"column":20}},"type":"cond-expr","locations":[{"start":{"line":33,"column":14},"end":{"line":37,"column":20}},{"start":{"line":38,"column":16},"end":{"line":38,"column":20}}],"line":32}},"s":{"0":0,"1":0,"2":0,"3":0,"4":0,"5":0,"6":0},"f":{"0":0,"1":0,"2":0},"b":{"0":[0,0]}}
,"D:\\tests\\nimble\\src\\components\\ContactsList.jsx": {"path":"D:\\tests\\nimble\\src\\components\\ContactsList.jsx","statementMap":{"0":{"start":{"line":3,"column":21},"end":{"line":14,"column":1}},"1":{"start":{"line":4,"column":2},"end":{"line":13,"column":4}},"2":{"start":{"line":9,"column":10},"end":{"line":9,"column":60}}},"fnMap":{"0":{"name":"(anonymous_0)","decl":{"start":{"line":3,"column":21},"end":{"line":3,"column":22}},"loc":{"start":{"line":3,"column":39},"end":{"line":14,"column":1}},"line":3},"1":{"name":"(anonymous_1)","decl":{"start":{"line":8,"column":23},"end":{"line":8,"column":24}},"loc":{"start":{"line":9,"column":10},"end":{"line":9,"column":60}},"line":9}},"branchMap":{},"s":{"0":0,"1":0,"2":0},"f":{"0":0,"1":0},"b":{}}
,"D:\\tests\\nimble\\src\\components\\CreateContactForm.jsx": {"path":"D:\\tests\\nimble\\src\\components\\CreateContactForm.jsx","statementMap":{"0":{"start":{"line":5,"column":26},"end":{"line":121,"column":1}},"1":{"start":{"line":6,"column":50},"end":{"line":6,"column":73}},"2":{"start":{"line":7,"column":38},"end":{"line":11,"column":4}},"3":{"start":{"line":12,"column":65},"end":{"line":16,"column":4}},"4":{"start":{"line":18,"column":23},"end":{"line":46,"column":3}},"5":{"start":{"line":19,"column":4},"end":{"line":19,"column":23}},"6":{"start":{"line":21,"column":17},"end":{"line":37,"column":5}},"7":{"start":{"line":39,"column":4},"end":{"line":39,"column":21}},"8":{"start":{"line":41,"column":4},"end":{"line":45,"column":7}},"9":{"start":{"line":48,"column":27},"end":{"line":54,"column":33}},"10":{"start":{"line":49,"column":4},"end":{"line":54,"column":33}},"11":{"start":{"line":56,"column":2},"end":{"line":120,"column":4}},"12":{"start":{"line":70,"column":12},"end":{"line":70,"column":66}},"13":{"start":{"line":70,"column":37},"end":{"line":70,"column":64}},"14":{"start":{"line":73,"column":12},"end":{"line":77,"column":15}},"15":{"start":{"line":73,"column":51},"end":{"line":77,"column":13}},"16":{"start":{"line":87,"column":12},"end":{"line":87,"column":65}},"17":{"start":{"line":87,"column":37},"end":{"line":87,"column":63}},"18":{"start":{"line":90,"column":12},"end":{"line":94,"column":15}},"19":{"start":{"line":90,"column":51},"end":{"line":94,"column":13}},"20":{"start":{"line":103,"column":29},"end":{"line":103,"column":79}},"21":{"start":{"line":103,"column":54},"end":{"line":103,"column":77}},"22":{"start":{"line":105,"column":12},"end":{"line":112,"column":15}},"23":{"start":{"line":105,"column":51},"end":{"line":112,"column":13}}},"fnMap":{"0":{"name":"(anonymous_0)","decl":{"start":{"line":5,"column":26},"end":{"line":5,"column":27}},"loc":{"start":{"line":5,"column":32},"end":{"line":121,"column":1}},"line":5},"1":{"name":"(anonymous_1)","decl":{"start":{"line":18,"column":23},"end":{"line":18,"column":24}},"loc":{"start":{"line":18,"column":30},"end":{"line":46,"column":3}},"line":18},"2":{"name":"(anonymous_2)","decl":{"start":{"line":48,"column":27},"end":{"line":48,"column":28}},"loc":{"start":{"line":49,"column":4},"end":{"line":54,"column":33}},"line":49},"3":{"name":"(anonymous_3)","decl":{"start":{"line":69,"column":20},"end":{"line":69,"column":21}},"loc":{"start":{"line":70,"column":12},"end":{"line":70,"column":66}},"line":70},"4":{"name":"(anonymous_4)","decl":{"start":{"line":70,"column":26},"end":{"line":70,"column":27}},"loc":{"start":{"line":70,"column":37},"end":{"line":70,"column":64}},"line":70},"5":{"name":"(anonymous_5)","decl":{"start":{"line":72,"column":18},"end":{"line":72,"column":19}},"loc":{"start":{"line":73,"column":12},"end":{"line":77,"column":15}},"line":73},"6":{"name":"(anonymous_6)","decl":{"start":{"line":73,"column":40},"end":{"line":73,"column":41}},"loc":{"start":{"line":73,"column":51},"end":{"line":77,"column":13}},"line":73},"7":{"name":"(anonymous_7)","decl":{"start":{"line":86,"column":20},"end":{"line":86,"column":21}},"loc":{"start":{"line":87,"column":12},"end":{"line":87,"column":65}},"line":87},"8":{"name":"(anonymous_8)","decl":{"start":{"line":87,"column":26},"end":{"line":87,"column":27}},"loc":{"start":{"line":87,"column":37},"end":{"line":87,"column":63}},"line":87},"9":{"name":"(anonymous_9)","decl":{"start":{"line":89,"column":18},"end":{"line":89,"column":19}},"loc":{"start":{"line":90,"column":12},"end":{"line":94,"column":15}},"line":90},"10":{"name":"(anonymous_10)","decl":{"start":{"line":90,"column":40},"end":{"line":90,"column":41}},"loc":{"start":{"line":90,"column":51},"end":{"line":94,"column":13}},"line":90},"11":{"name":"(anonymous_11)","decl":{"start":{"line":103,"column":20},"end":{"line":103,"column":21}},"loc":{"start":{"line":103,"column":29},"end":{"line":103,"column":79}},"line":103},"12":{"name":"(anonymous_12)","decl":{"start":{"line":103,"column":43},"end":{"line":103,"column":44}},"loc":{"start":{"line":103,"column":54},"end":{"line":103,"column":77}},"line":103},"13":{"name":"(anonymous_13)","decl":{"start":{"line":104,"column":18},"end":{"line":104,"column":19}},"loc":{"start":{"line":105,"column":12},"end":{"line":112,"column":15}},"line":105},"14":{"name":"(anonymous_14)","decl":{"start":{"line":105,"column":40},"end":{"line":105,"column":41}},"loc":{"start":{"line":105,"column":51},"end":{"line":112,"column":13}},"line":105}},"branchMap":{"0":{"loc":{"start":{"line":49,"column":4},"end":{"line":54,"column":33}},"type":"binary-expr","locations":[{"start":{"line":49,"column":4},"end":{"line":49,"column":38}},{"start":{"line":50,"column":4},"end":{"line":50,"column":37}},{"start":{"line":51,"column":4},"end":{"line":51,"column":34}},{"start":{"line":52,"column":4},"end":{"line":52,"column":37}},{"start":{"line":53,"column":4},"end":{"line":53,"column":36}},{"start":{"line":54,"column":4},"end":{"line":54,"column":33}}],"line":49},"1":{"loc":{"start":{"line":76,"column":16},"end":{"line":76,"column":76}},"type":"binary-expr","locations":[{"start":{"line":76,"column":16},"end":{"line":76,"column":38}},{"start":{"line":76,"column":42},"end":{"line":76,"column":76}}],"line":76},"2":{"loc":{"start":{"line":93,"column":16},"end":{"line":93,"column":74}},"type":"binary-expr","locations":[{"start":{"line":93,"column":16},"end":{"line":93,"column":37}},{"start":{"line":93,"column":41},"end":{"line":93,"column":74}}],"line":93},"3":{"loc":{"start":{"line":115,"column":40},"end":{"line":115,"column":72}},"type":"binary-expr","locations":[{"start":{"line":115,"column":40},"end":{"line":115,"column":58}},{"start":{"line":115,"column":62},"end":{"line":115,"column":72}}],"line":115}},"s":{"0":0,"1":0,"2":0,"3":0,"4":0,"5":0,"6":0,"7":0,"8":0,"9":0,"10":0,"11":0,"12":0,"13":0,"14":0,"15":0,"16":0,"17":0,"18":0,"19":0,"20":0,"21":0,"22":0,"23":0},"f":{"0":0,"1":0,"2":0,"3":0,"4":0,"5":0,"6":0,"7":0,"8":0,"9":0,"10":0,"11":0,"12":0,"13":0,"14":0},"b":{"0":[0,0,0,0,0,0],"1":[0,0],"2":[0,0],"3":[0,0]}}
,"D:\\tests\\nimble\\src\\components\\InputGroup.jsx": {"path":"D:\\tests\\nimble\\src\\components\\InputGroup.jsx","statementMap":{"0":{"start":{"line":1,"column":19},"end":{"line":31,"column":1}},"1":{"start":{"line":10,"column":2},"end":{"line":30,"column":4}},"2":{"start":{"line":26,"column":25},"end":{"line":26,"column":49}}},"fnMap":{"0":{"name":"(anonymous_0)","decl":{"start":{"line":1,"column":19},"end":{"line":1,"column":20}},"loc":{"start":{"line":9,"column":6},"end":{"line":31,"column":1}},"line":9},"1":{"name":"(anonymous_1)","decl":{"start":{"line":26,"column":18},"end":{"line":26,"column":19}},"loc":{"start":{"line":26,"column":25},"end":{"line":26,"column":49}},"line":26}},"branchMap":{"0":{"loc":{"start":{"line":12,"column":7},"end":{"line":16,"column":14}},"type":"cond-expr","locations":[{"start":{"line":13,"column":8},"end":{"line":15,"column":16}},{"start":{"line":16,"column":10},"end":{"line":16,"column":14}}],"line":12},"1":{"loc":{"start":{"line":20,"column":10},"end":{"line":22,"column":18}},"type":"cond-expr","locations":[{"start":{"line":21,"column":14},"end":{"line":21,"column":90}},{"start":{"line":22,"column":14},"end":{"line":22,"column":18}}],"line":20}},"s":{"0":0,"1":0,"2":0},"f":{"0":0,"1":0},"b":{"0":[0,0],"1":[0,0]}}
,"D:\\tests\\nimble\\src\\components\\Loader.jsx": {"path":"D:\\tests\\nimble\\src\\components\\Loader.jsx","statementMap":{"0":{"start":{"line":3,"column":15},"end":{"line":9,"column":1}},"1":{"start":{"line":4,"column":2},"end":{"line":8,"column":4}}},"fnMap":{"0":{"name":"(anonymous_0)","decl":{"start":{"line":3,"column":15},"end":{"line":3,"column":16}},"loc":{"start":{"line":3,"column":21},"end":{"line":9,"column":1}},"line":3}},"branchMap":{},"s":{"0":0,"1":0},"f":{"0":0},"b":{}}
,"D:\\tests\\nimble\\src\\components\\TagItem.jsx": {"path":"D:\\tests\\nimble\\src\\components\\TagItem.jsx","statementMap":{"0":{"start":{"line":1,"column":16},"end":{"line":7,"column":1}},"1":{"start":{"line":2,"column":2},"end":{"line":6,"column":4}}},"fnMap":{"0":{"name":"(anonymous_0)","decl":{"start":{"line":1,"column":16},"end":{"line":1,"column":17}},"loc":{"start":{"line":1,"column":29},"end":{"line":7,"column":1}},"line":1}},"branchMap":{},"s":{"0":0,"1":0},"f":{"0":0},"b":{}}
,"D:\\tests\\nimble\\src\\components\\index.js": {"path":"D:\\tests\\nimble\\src\\components\\index.js","statementMap":{},"fnMap":{},"branchMap":{},"s":{},"f":{},"b":{}}
,"D:\\tests\\nimble\\src\\routes\\ContactPage.jsx": {"path":"D:\\tests\\nimble\\src\\routes\\ContactPage.jsx","statementMap":{"0":{"start":{"line":9,"column":20},"end":{"line":89,"column":1}},"1":{"start":{"line":10,"column":24},"end":{"line":10,"column":35}},"2":{"start":{"line":11,"column":34},"end":{"line":11,"column":46}},"3":{"start":{"line":12,"column":54},"end":{"line":12,"column":69}},"4":{"start":{"line":13,"column":39},"end":{"line":13,"column":68}},"5":{"start":{"line":14,"column":46},"end":{"line":14,"column":72}},"6":{"start":{"line":16,"column":22},"end":{"line":16,"column":42}},"7":{"start":{"line":18,"column":25},"end":{"line":20,"column":3}},"8":{"start":{"line":19,"column":4},"end":{"line":19,"column":62}},"9":{"start":{"line":22,"column":26},"end":{"line":33,"column":3}},"10":{"start":{"line":23,"column":4},"end":{"line":23,"column":23}},"11":{"start":{"line":25,"column":4},"end":{"line":25,"column":35}},"12":{"start":{"line":25,"column":28},"end":{"line":25,"column":35}},"13":{"start":{"line":27,"column":17},"end":{"line":27,"column":63}},"14":{"start":{"line":27,"column":49},"end":{"line":27,"column":56}},"15":{"start":{"line":28,"column":4},"end":{"line":28,"column":24}},"16":{"start":{"line":30,"column":4},"end":{"line":30,"column":32}},"17":{"start":{"line":32,"column":4},"end":{"line":32,"column":20}},"18":{"start":{"line":35,"column":2},"end":{"line":35,"column":35}},"19":{"start":{"line":35,"column":17},"end":{"line":35,"column":35}},"20":{"start":{"line":37,"column":2},"end":{"line":37,"column":31}},"21":{"start":{"line":37,"column":15},"end":{"line":37,"column":31}},"22":{"start":{"line":39,"column":2},"end":{"line":88,"column":4}},"23":{"start":{"line":64,"column":18},"end":{"line":64,"column":52}},"24":{"start":{"line":75,"column":33},"end":{"line":75,"column":49}}},"fnMap":{"0":{"name":"(anonymous_0)","decl":{"start":{"line":9,"column":20},"end":{"line":9,"column":21}},"loc":{"start":{"line":9,"column":26},"end":{"line":89,"column":1}},"line":9},"1":{"name":"(anonymous_1)","decl":{"start":{"line":18,"column":25},"end":{"line":18,"column":26}},"loc":{"start":{"line":18,"column":31},"end":{"line":20,"column":3}},"line":18},"2":{"name":"(anonymous_2)","decl":{"start":{"line":22,"column":26},"end":{"line":22,"column":27}},"loc":{"start":{"line":22,"column":33},"end":{"line":33,"column":3}},"line":22},"3":{"name":"(anonymous_3)","decl":{"start":{"line":27,"column":40},"end":{"line":27,"column":41}},"loc":{"start":{"line":27,"column":49},"end":{"line":27,"column":56}},"line":27},"4":{"name":"(anonymous_4)","decl":{"start":{"line":63,"column":38},"end":{"line":63,"column":39}},"loc":{"start":{"line":64,"column":18},"end":{"line":64,"column":52}},"line":64},"5":{"name":"(anonymous_5)","decl":{"start":{"line":75,"column":24},"end":{"line":75,"column":25}},"loc":{"start":{"line":75,"column":33},"end":{"line":75,"column":49}},"line":75}},"branchMap":{"0":{"loc":{"start":{"line":19,"column":26},"end":{"line":19,"column":60}},"type":"binary-expr","locations":[{"start":{"line":19,"column":26},"end":{"line":19,"column":35}},{"start":{"line":19,"column":39},"end":{"line":19,"column":60}}],"line":19},"1":{"loc":{"start":{"line":25,"column":4},"end":{"line":25,"column":35}},"type":"if","locations":[{"start":{"line":25,"column":4},"end":{"line":25,"column":35}},{"start":{},"end":{}}],"line":25},"2":{"loc":{"start":{"line":27,"column":17},"end":{"line":27,"column":63}},"type":"binary-expr","locations":[{"start":{"line":27,"column":17},"end":{"line":27,"column":57}},{"start":{"line":27,"column":61},"end":{"line":27,"column":63}}],"line":27},"3":{"loc":{"start":{"line":35,"column":2},"end":{"line":35,"column":35}},"type":"if","locations":[{"start":{"line":35,"column":2},"end":{"line":35,"column":35}},{"start":{},"end":{}}],"line":35},"4":{"loc":{"start":{"line":37,"column":2},"end":{"line":37,"column":31}},"type":"if","locations":[{"start":{"line":37,"column":2},"end":{"line":37,"column":31}},{"start":{},"end":{}}],"line":37},"5":{"loc":{"start":{"line":59,"column":11},"end":{"line":68,"column":18}},"type":"cond-expr","locations":[{"start":{"line":60,"column":12},"end":{"line":67,"column":18}},{"start":{"line":68,"column":14},"end":{"line":68,"column":18}}],"line":59},"6":{"loc":{"start":{"line":81,"column":44},"end":{"line":81,"column":76}},"type":"binary-expr","locations":[{"start":{"line":81,"column":44},"end":{"line":81,"column":54}},{"start":{"line":81,"column":58},"end":{"line":81,"column":76}}],"line":81}},"s":{"0":0,"1":0,"2":0,"3":0,"4":0,"5":0,"6":0,"7":0,"8":0,"9":0,"10":0,"11":0,"12":0,"13":0,"14":0,"15":0,"16":0,"17":0,"18":0,"19":0,"20":0,"21":0,"22":0,"23":0,"24":0},"f":{"0":0,"1":0,"2":0,"3":0,"4":0,"5":0},"b":{"0":[0,0],"1":[0,0],"2":[0,0],"3":[0,0],"4":[0,0],"5":[0,0],"6":[0,0]}}
,"D:\\tests\\nimble\\src\\routes\\Root.jsx": {"path":"D:\\tests\\nimble\\src\\routes\\Root.jsx","statementMap":{"0":{"start":{"line":4,"column":13},"end":{"line":21,"column":1}},"1":{"start":{"line":5,"column":55},"end":{"line":5,"column":79}},"2":{"start":{"line":7,"column":2},"end":{"line":7,"column":35}},"3":{"start":{"line":7,"column":17},"end":{"line":7,"column":35}},"4":{"start":{"line":9,"column":2},"end":{"line":9,"column":29}},"5":{"start":{"line":9,"column":13},"end":{"line":9,"column":29}},"6":{"start":{"line":11,"column":2},"end":{"line":20,"column":4}}},"fnMap":{"0":{"name":"(anonymous_0)","decl":{"start":{"line":4,"column":13},"end":{"line":4,"column":14}},"loc":{"start":{"line":4,"column":19},"end":{"line":21,"column":1}},"line":4}},"branchMap":{"0":{"loc":{"start":{"line":7,"column":2},"end":{"line":7,"column":35}},"type":"if","locations":[{"start":{"line":7,"column":2},"end":{"line":7,"column":35}},{"start":{},"end":{}}],"line":7},"1":{"loc":{"start":{"line":9,"column":2},"end":{"line":9,"column":29}},"type":"if","locations":[{"start":{"line":9,"column":2},"end":{"line":9,"column":29}},{"start":{},"end":{}}],"line":9}},"s":{"0":0,"1":0,"2":0,"3":0,"4":0,"5":0,"6":0},"f":{"0":0},"b":{"0":[0,0],"1":[0,0]}}
,"D:\\tests\\nimble\\src\\services\\contact.js": {"path":"D:\\tests\\nimble\\src\\services\\contact.js","statementMap":{"0":{"start":{"line":3,"column":26},"end":{"line":61,"column":2}},"1":{"start":{"line":14,"column":27},"end":{"line":60,"column":3}},"2":{"start":{"line":16,"column":20},"end":{"line":16,"column":61}},"3":{"start":{"line":18,"column":8},"end":{"line":23,"column":23}},"4":{"start":{"line":20,"column":51},"end":{"line":20,"column":74}},"5":{"start":{"line":26,"column":31},"end":{"line":30,"column":7}},"6":{"start":{"line":31,"column":29},"end":{"line":31,"column":62}},"7":{"start":{"line":34,"column":29},"end":{"line":37,"column":7}},"8":{"start":{"line":38,"column":53},"end":{"line":40,"column":7}},"9":{"start":{"line":43,"column":29},"end":{"line":48,"column":7}},"10":{"start":{"line":45,"column":34},"end":{"line":47,"column":9}},"11":{"start":{"line":51,"column":39},"end":{"line":57,"column":7}},"12":{"start":{"line":58,"column":35},"end":{"line":58,"column":71}},"13":{"start":{"line":69,"column":4},"end":{"line":69,"column":14}}},"fnMap":{"0":{"name":"(anonymous_0)","decl":{"start":{"line":14,"column":13},"end":{"line":14,"column":14}},"loc":{"start":{"line":14,"column":27},"end":{"line":60,"column":3}},"line":14},"1":{"name":"(anonymous_1)","decl":{"start":{"line":16,"column":13},"end":{"line":16,"column":14}},"loc":{"start":{"line":16,"column":20},"end":{"line":16,"column":61}},"line":16},"2":{"name":"(anonymous_2)","decl":{"start":{"line":17,"column":20},"end":{"line":17,"column":21}},"loc":{"start":{"line":18,"column":8},"end":{"line":23,"column":23}},"line":18},"3":{"name":"(anonymous_3)","decl":{"start":{"line":20,"column":38},"end":{"line":20,"column":39}},"loc":{"start":{"line":20,"column":51},"end":{"line":20,"column":74}},"line":20},"4":{"name":"(anonymous_4)","decl":{"start":{"line":26,"column":13},"end":{"line":26,"column":14}},"loc":{"start":{"line":26,"column":31},"end":{"line":30,"column":7}},"line":26},"5":{"name":"(anonymous_5)","decl":{"start":{"line":31,"column":23},"end":{"line":31,"column":24}},"loc":{"start":{"line":31,"column":29},"end":{"line":31,"column":62}},"line":31},"6":{"name":"(anonymous_6)","decl":{"start":{"line":34,"column":13},"end":{"line":34,"column":14}},"loc":{"start":{"line":34,"column":29},"end":{"line":37,"column":7}},"line":34},"7":{"name":"(anonymous_7)","decl":{"start":{"line":38,"column":23},"end":{"line":38,"column":24}},"loc":{"start":{"line":38,"column":53},"end":{"line":40,"column":7}},"line":38},"8":{"name":"(anonymous_8)","decl":{"start":{"line":43,"column":13},"end":{"line":43,"column":14}},"loc":{"start":{"line":43,"column":29},"end":{"line":48,"column":7}},"line":43},"9":{"name":"(anonymous_9)","decl":{"start":{"line":45,"column":22},"end":{"line":45,"column":23}},"loc":{"start":{"line":45,"column":34},"end":{"line":47,"column":9}},"line":45},"10":{"name":"(anonymous_10)","decl":{"start":{"line":51,"column":13},"end":{"line":51,"column":14}},"loc":{"start":{"line":51,"column":39},"end":{"line":57,"column":7}},"line":51},"11":{"name":"(anonymous_11)","decl":{"start":{"line":58,"column":23},"end":{"line":58,"column":24}},"loc":{"start":{"line":58,"column":35},"end":{"line":58,"column":71}},"line":58}},"branchMap":{"0":{"loc":{"start":{"line":18,"column":8},"end":{"line":23,"column":23}},"type":"cond-expr","locations":[{"start":{"line":19,"column":12},"end":{"line":22,"column":13}},{"start":{"line":23,"column":12},"end":{"line":23,"column":23}}],"line":18}},"s":{"0":0,"1":0,"2":0,"3":0,"4":0,"5":0,"6":0,"7":0,"8":0,"9":0,"10":0,"11":0,"12":0,"13":0},"f":{"0":0,"1":0,"2":0,"3":0,"4":0,"5":0,"6":0,"7":0,"8":0,"9":0,"10":0,"11":0},"b":{"0":[0,0]}}
,"D:\\tests\\nimble\\src\\store\\index.js": {"path":"D:\\tests\\nimble\\src\\store\\index.js","statementMap":{"0":{"start":{"line":5,"column":21},"end":{"line":13,"column":2}},"1":{"start":{"line":12,"column":4},"end":{"line":12,"column":56}},"2":{"start":{"line":17,"column":0},"end":{"line":17,"column":31}}},"fnMap":{"0":{"name":"(anonymous_0)","decl":{"start":{"line":11,"column":14},"end":{"line":11,"column":15}},"loc":{"start":{"line":12,"column":4},"end":{"line":12,"column":56}},"line":12}},"branchMap":{},"s":{"0":0,"1":0,"2":0},"f":{"0":0},"b":{}}
}
